<?xml version="1.0" encoding="UTF-8"?>
<TestRun id="b0ab6259-a9f8-440b-95d9-dd250d19858a" name="Cadla@CADLA-PC 2011-09-01 22:29:52" runUser="Cadla-PC\Cadla" xmlns="http://microsoft.com/schemas/VisualStudio/TeamTest/2010">
  <TestSettings name="Default Test Settings" id="0caee114-c27b-4907-ac69-9562e231b5b3">
    <Deployment runDeploymentRoot="Cadla_CADLA-PC 2011-09-01 22_29_52">
      <DeploymentItem filename="D:\Magisterka-nowy\Obfuscator\Obfuscator.Renaming\bin\Debug\Obfuscator.Renaming.exe" />
      <DeploymentItem filename="D:\Magisterka-nowy\Obfuscator\TestLibraries\Obfuscator.Test.Inheritance\bin\Debug\Obfuscator.Test.SingleClassInheritance.dll" />
      <DeploymentItem filename="D:\Magisterka-nowy\Obfuscator\TestLibraries\Obfuscator.Test.MultipleInterfacesInheritance\bin\Debug\Obfuscator.Test.MultipleInterfacesInheritance.dll" />
      <DeploymentItem filename="D:\Magisterka-nowy\Obfuscator\ThirdParty\Cecil 1\bin\winphone_Release\Mono.Cecil.dll" />
      <DeploymentItem filename="D:\Magisterka-nowy\Obfuscator\TestLibraries\Obfuscator.Test.MultiLevelClassInheritance\bin\Debug\Obfuscator.Test.MultiLevelClassInheritance.dll" />
      <DeploymentItem filename="D:\Magisterka-nowy\Obfuscator\Obfuscator.Utils\bin\Debug\Obfuscator.Utils.dll" />
    </Deployment>
    <Execution>
      <TestTypeSpecific />
      <AgentRule name="Execution Agents">
      </AgentRule>
    </Execution>
  </TestSettings>
  <Times creation="2011-09-01T22:29:52.9148029+02:00" queuing="2011-09-01T22:29:53.2070049+02:00" start="2011-09-01T22:29:53.2226049+02:00" finish="2011-09-01T22:29:54.0962064+02:00" />
  <ResultSummary outcome="Failed">
    <Counters total="3" executed="3" passed="2" error="0" failed="1" timeout="0" aborted="0" inconclusive="0" passedButRunAborted="0" notRunnable="0" notExecuted="0" disconnected="0" warning="0" completed="0" inProgress="0" pending="0" />
  </ResultSummary>
  <TestDefinitions>
    <UnitTest name="TestWholeAlphabet" storage="d:\magisterka-nowy\obfuscator\obfuscator.renaming.test\bin\debug\obfuscator.renaming.test.dll" id="7ba2fb4c-9417-0f4c-e9db-b1b64b6f66be">
      <Execution id="ffc564eb-9379-4019-84d0-75364bbbbbab" />
      <TestMethod codeBase="D:/Magisterka-nowy/Obfuscator/Obfuscator.Renaming.Test/bin/Debug/Obfuscator.Renaming.Test.DLL" adapterTypeName="Microsoft.VisualStudio.TestTools.TestTypes.Unit.UnitTestAdapter, Microsoft.VisualStudio.QualityTools.Tips.UnitTest.Adapter, Version=10.0.0.0, Culture=neutral, PublicKeyToken=b03f5f7f11d50a3a" className="Obfuscator.Renaming.Test.NameGeneratorTest, Obfuscator.Renaming.Test, Version=1.0.0.0, Culture=neutral, PublicKeyToken=null" name="TestWholeAlphabet" />
    </UnitTest>
    <UnitTest name="TestNewGenerator" storage="d:\magisterka-nowy\obfuscator\obfuscator.renaming.test\bin\debug\obfuscator.renaming.test.dll" id="4f3b2b57-cc8c-8214-348b-8d0e9e3ea6a6">
      <Execution id="baad737f-3d96-439e-a3f9-df6757156460" />
      <TestMethod codeBase="D:/Magisterka-nowy/Obfuscator/Obfuscator.Renaming.Test/bin/Debug/Obfuscator.Renaming.Test.DLL" adapterTypeName="Microsoft.VisualStudio.TestTools.TestTypes.Unit.UnitTestAdapter, Microsoft.VisualStudio.QualityTools.Tips.UnitTest.Adapter, Version=10.0.0.0, Culture=neutral, PublicKeyToken=b03f5f7f11d50a3a" className="Obfuscator.Renaming.Test.NameGeneratorTest, Obfuscator.Renaming.Test, Version=1.0.0.0, Culture=neutral, PublicKeyToken=null" name="TestNewGenerator" />
    </UnitTest>
    <UnitTest name="TestGeneratorFailure" storage="d:\magisterka-nowy\obfuscator\obfuscator.renaming.test\bin\debug\obfuscator.renaming.test.dll" id="d73fbcfc-2958-fef3-b6e0-b67d467fd759">
      <Execution id="c36e23d5-6317-4076-813c-4944112c1a0e" />
      <TestMethod codeBase="D:/Magisterka-nowy/Obfuscator/Obfuscator.Renaming.Test/bin/Debug/Obfuscator.Renaming.Test.DLL" adapterTypeName="Microsoft.VisualStudio.TestTools.TestTypes.Unit.UnitTestAdapter, Microsoft.VisualStudio.QualityTools.Tips.UnitTest.Adapter, Version=10.0.0.0, Culture=neutral, PublicKeyToken=b03f5f7f11d50a3a" className="Obfuscator.Renaming.Test.NameGeneratorTest, Obfuscator.Renaming.Test, Version=1.0.0.0, Culture=neutral, PublicKeyToken=null" name="TestGeneratorFailure" />
    </UnitTest>
  </TestDefinitions>
  <TestLists>
    <TestList name="Results Not in a List" id="8c84fa94-04c1-424b-9868-57a2d4851a1d" />
    <TestList name="All Loaded Results" id="19431567-8539-422a-85d7-44ee4e166bda" />
  </TestLists>
  <TestEntries>
    <TestEntry testId="4f3b2b57-cc8c-8214-348b-8d0e9e3ea6a6" executionId="baad737f-3d96-439e-a3f9-df6757156460" testListId="8c84fa94-04c1-424b-9868-57a2d4851a1d" />
    <TestEntry testId="7ba2fb4c-9417-0f4c-e9db-b1b64b6f66be" executionId="ffc564eb-9379-4019-84d0-75364bbbbbab" testListId="8c84fa94-04c1-424b-9868-57a2d4851a1d" />
    <TestEntry testId="d73fbcfc-2958-fef3-b6e0-b67d467fd759" executionId="c36e23d5-6317-4076-813c-4944112c1a0e" testListId="8c84fa94-04c1-424b-9868-57a2d4851a1d" />
  </TestEntries>
  <Results>
    <UnitTestResult executionId="baad737f-3d96-439e-a3f9-df6757156460" testId="4f3b2b57-cc8c-8214-348b-8d0e9e3ea6a6" testName="TestNewGenerator" computerName="CADLA-PC" duration="00:00:00.0731035" startTime="2011-09-01T22:29:53.2226049+02:00" endTime="2011-09-01T22:29:53.9402062+02:00" testType="13cdc9d9-ddb5-4fa4-a97d-d965ccfc6d4b" outcome="Passed" testListId="8c84fa94-04c1-424b-9868-57a2d4851a1d" relativeResultsDirectory="baad737f-3d96-439e-a3f9-df6757156460">
    </UnitTestResult>
    <UnitTestResult executionId="ffc564eb-9379-4019-84d0-75364bbbbbab" testId="7ba2fb4c-9417-0f4c-e9db-b1b64b6f66be" testName="TestWholeAlphabet" computerName="CADLA-PC" duration="00:00:00.0007078" startTime="2011-09-01T22:29:53.9402062+02:00" endTime="2011-09-01T22:29:53.9558062+02:00" testType="13cdc9d9-ddb5-4fa4-a97d-d965ccfc6d4b" outcome="Passed" testListId="8c84fa94-04c1-424b-9868-57a2d4851a1d" relativeResultsDirectory="ffc564eb-9379-4019-84d0-75364bbbbbab">
    </UnitTestResult>
    <UnitTestResult executionId="c36e23d5-6317-4076-813c-4944112c1a0e" testId="d73fbcfc-2958-fef3-b6e0-b67d467fd759" testName="TestGeneratorFailure" computerName="CADLA-PC" duration="00:00:00.0923348" startTime="2011-09-01T22:29:53.9558062+02:00" endTime="2011-09-01T22:29:54.0650064+02:00" testType="13cdc9d9-ddb5-4fa4-a97d-d965ccfc6d4b" outcome="Failed" testListId="8c84fa94-04c1-424b-9868-57a2d4851a1d" relativeResultsDirectory="c36e23d5-6317-4076-813c-4944112c1a0e">
      <Output>
        <ErrorInfo>
          <Message>Test method Obfuscator.Renaming.Test.NameGeneratorTest.TestGeneratorFailure did not throw expected exception System.ArgumentOutOfRangeException.</Message>
        </ErrorInfo>
      </Output>
    </UnitTestResult>
  </Results>
</TestRun>